<?xml version="1.0" encoding="UTF-8"?>
<coverage generated="1659538784542" clover="3.2.0">
  <project timestamp="1659538784542" name="All files">
    <metrics statements="56" coveredstatements="55" conditionals="18" coveredconditionals="17" methods="18" coveredmethods="18" elements="92" coveredelements="90" complexity="0" loc="56" ncloc="56" packages="1" files="1" classes="1"/>
    <file name="CartParser.js" path="D:\Courses\Academy 2022\Lessons\BSA2021-Testing\src\CartParser.js">
      <metrics statements="56" coveredstatements="55" conditionals="18" coveredconditionals="17" methods="18" coveredmethods="18"/>
      <line num="6" count="12" type="stmt"/>
      <line num="11" count="12" type="stmt"/>
      <line num="17" count="12" type="stmt"/>
      <line num="47" count="3" type="stmt"/>
      <line num="48" count="3" type="stmt"/>
      <line num="50" count="3" type="cond" truecount="2" falsecount="0"/>
      <line num="51" count="2" type="stmt"/>
      <line num="52" count="2" type="stmt"/>
      <line num="56" count="7" type="stmt"/>
      <line num="57" count="5" type="stmt"/>
      <line num="58" count="1" type="stmt"/>
      <line num="60" count="1" type="stmt"/>
      <line num="74" count="7" type="stmt"/>
      <line num="88" count="7" type="stmt"/>
      <line num="89" count="43" type="stmt"/>
      <line num="90" count="7" type="stmt"/>
      <line num="91" count="42" type="stmt"/>
      <line num="93" count="21" type="stmt"/>
      <line num="95" count="7" type="stmt"/>
      <line num="96" count="21" type="stmt"/>
      <line num="97" count="21" type="cond" truecount="2" falsecount="0"/>
      <line num="98" count="3" type="stmt"/>
      <line num="107" count="7" type="stmt"/>
      <line num="108" count="102" type="stmt"/>
      <line num="110" count="35" type="cond" truecount="2" falsecount="0"/>
      <line num="111" count="3" type="stmt"/>
      <line num="117" count="3" type="stmt"/>
      <line num="120" count="32" type="stmt"/>
      <line num="122" count="96" type="stmt"/>
      <line num="123" count="96" type="stmt"/>
      <line num="125" count="96" type="cond" truecount="2" falsecount="1"/>
      <line num="127" count="32" type="cond" truecount="2" falsecount="0"/>
      <line num="128" count="1" type="stmt"/>
      <line num="135" count="32" type="stmt"/>
      <line num="138" count="64" type="stmt"/>
      <line num="139" count="64" type="cond" truecount="2" falsecount="0"/>
      <line num="144" count="1" type="stmt"/>
      <line num="151" count="64" type="stmt"/>
      <line num="153" count="0" type="stmt"/>
      <line num="158" count="7" type="stmt"/>
      <line num="171" count="6" type="stmt"/>
      <line num="172" count="18" type="stmt"/>
      <line num="173" count="18" type="stmt"/>
      <line num="174" count="18" type="stmt"/>
      <line num="175" count="6" type="stmt"/>
      <line num="177" count="6" type="stmt"/>
      <line num="179" count="18" type="stmt"/>
      <line num="180" count="18" type="stmt"/>
      <line num="181" count="18" type="stmt"/>
      <line num="182" count="18" type="cond" truecount="2" falsecount="0"/>
      <line num="184" count="18" type="stmt"/>
      <line num="187" count="6" type="stmt"/>
      <line num="189" count="6" type="stmt"/>
      <line num="200" count="2" type="stmt"/>
      <line num="201" count="7" type="stmt"/>
      <line num="215" count="9" type="stmt"/>
    </file>
  </project>
</coverage>
