{"D:\\Courses\\Academy 2022\\Lessons\\BSA2021-Testing\\src\\CartParser.js": {"path":"D:\\Courses\\Academy 2022\\Lessons\\BSA2021-Testing\\src\\CartParser.js","statementMap":{"0":{"start":{"line":6,"column":2},"end":{"line":9,"column":4}},"1":{"start":{"line":11,"column":2},"end":{"line":15,"column":3}},"2":{"start":{"line":17,"column":2},"end":{"line":35,"column":3}},"3":{"start":{"line":47,"column":14},"end":{"line":47,"column":33}},"4":{"start":{"line":48,"column":22},"end":{"line":48,"column":45}},"5":{"start":{"line":50,"column":2},"end":{"line":53,"column":3}},"6":{"start":{"line":51,"column":3},"end":{"line":51,"column":35}},"7":{"start":{"line":52,"column":3},"end":{"line":52,"column":37}},"8":{"start":{"line":56,"column":11},"end":{"line":56,"column":70}},"9":{"start":{"line":56,"column":44},"end":{"line":56,"column":45}},"10":{"start":{"line":56,"column":64},"end":{"line":56,"column":69}},"11":{"start":{"line":57,"column":11},"end":{"line":57,"column":44}},"12":{"start":{"line":57,"column":26},"end":{"line":57,"column":43}},"13":{"start":{"line":58,"column":11},"end":{"line":58,"column":32}},"14":{"start":{"line":60,"column":2},"end":{"line":63,"column":4}},"15":{"start":{"line":74,"column":2},"end":{"line":74,"column":42}},"16":{"start":{"line":88,"column":12},"end":{"line":88,"column":14}},"17":{"start":{"line":89,"column":11},"end":{"line":89,"column":46}},"18":{"start":{"line":89,"column":44},"end":{"line":89,"column":45}},"19":{"start":{"line":90,"column":17},"end":{"line":90,"column":25}},"20":{"start":{"line":91,"column":15},"end":{"line":91,"column":44}},"21":{"start":{"line":91,"column":38},"end":{"line":91,"column":43}},"22":{"start":{"line":93,"column":18},"end":{"line":93,"column":59}},"23":{"start":{"line":93,"column":50},"end":{"line":93,"column":58}},"24":{"start":{"line":95,"column":2},"end":{"line":105,"column":3}},"25":{"start":{"line":95,"column":15},"end":{"line":95,"column":16}},"26":{"start":{"line":96,"column":24},"end":{"line":96,"column":51}},"27":{"start":{"line":97,"column":3},"end":{"line":104,"column":4}},"28":{"start":{"line":98,"column":4},"end":{"line":103,"column":7}},"29":{"start":{"line":107,"column":2},"end":{"line":156,"column":3}},"30":{"start":{"line":107,"column":15},"end":{"line":107,"column":16}},"31":{"start":{"line":108,"column":17},"end":{"line":108,"column":59}},"32":{"start":{"line":108,"column":50},"end":{"line":108,"column":58}},"33":{"start":{"line":110,"column":3},"end":{"line":118,"column":4}},"34":{"start":{"line":111,"column":4},"end":{"line":116,"column":7}},"35":{"start":{"line":117,"column":4},"end":{"line":117,"column":13}},"36":{"start":{"line":120,"column":3},"end":{"line":155,"column":4}},"37":{"start":{"line":120,"column":16},"end":{"line":120,"column":17}},"38":{"start":{"line":122,"column":12},"end":{"line":122,"column":20}},"39":{"start":{"line":123,"column":18},"end":{"line":123,"column":45}},"40":{"start":{"line":125,"column":4},"end":{"line":154,"column":5}},"41":{"start":{"line":127,"column":6},"end":{"line":134,"column":7}},"42":{"start":{"line":128,"column":7},"end":{"line":133,"column":10}},"43":{"start":{"line":135,"column":6},"end":{"line":135,"column":12}},"44":{"start":{"line":138,"column":27},"end":{"line":138,"column":39}},"45":{"start":{"line":139,"column":6},"end":{"line":150,"column":7}},"46":{"start":{"line":144,"column":7},"end":{"line":149,"column":10}},"47":{"start":{"line":151,"column":6},"end":{"line":151,"column":12}},"48":{"start":{"line":153,"column":14},"end":{"line":153,"column":20}},"49":{"start":{"line":158,"column":2},"end":{"line":158,"column":16}},"50":{"start":{"line":171,"column":13},"end":{"line":171,"column":32}},"51":{"start":{"line":172,"column":11},"end":{"line":172,"column":45}},"52":{"start":{"line":172,"column":33},"end":{"line":172,"column":44}},"53":{"start":{"line":173,"column":10},"end":{"line":173,"column":43}},"54":{"start":{"line":173,"column":32},"end":{"line":173,"column":42}},"55":{"start":{"line":174,"column":12},"end":{"line":174,"column":55}},"56":{"start":{"line":174,"column":43},"end":{"line":174,"column":54}},"57":{"start":{"line":175,"column":10},"end":{"line":175,"column":12}},"58":{"start":{"line":177,"column":2},"end":{"line":185,"column":3}},"59":{"start":{"line":177,"column":15},"end":{"line":177,"column":16}},"60":{"start":{"line":179,"column":11},"end":{"line":179,"column":19}},"61":{"start":{"line":180,"column":10},"end":{"line":180,"column":17}},"62":{"start":{"line":181,"column":12},"end":{"line":181,"column":21}},"63":{"start":{"line":182,"column":17},"end":{"line":182,"column":81}},"64":{"start":{"line":184,"column":3},"end":{"line":184,"column":26}},"65":{"start":{"line":187,"column":2},"end":{"line":187,"column":22}},"66":{"start":{"line":189,"column":2},"end":{"line":189,"column":14}},"67":{"start":{"line":200,"column":2},"end":{"line":203,"column":4}},"68":{"start":{"line":201,"column":17},"end":{"line":201,"column":47}},"69":{"start":{"line":215,"column":2},"end":{"line":217,"column":4}}},"fnMap":{"0":{"name":"(anonymous_0)","decl":{"start":{"line":5,"column":1},"end":{"line":5,"column":2}},"loc":{"start":{"line":5,"column":15},"end":{"line":36,"column":2}},"line":5},"1":{"name":"(anonymous_1)","decl":{"start":{"line":45,"column":1},"end":{"line":45,"column":2}},"loc":{"start":{"line":45,"column":13},"end":{"line":64,"column":2}},"line":45},"2":{"name":"(anonymous_2)","decl":{"start":{"line":56,"column":39},"end":{"line":56,"column":40}},"loc":{"start":{"line":56,"column":44},"end":{"line":56,"column":45}},"line":56},"3":{"name":"(anonymous_3)","decl":{"start":{"line":56,"column":54},"end":{"line":56,"column":55}},"loc":{"start":{"line":56,"column":64},"end":{"line":56,"column":69}},"line":56},"4":{"name":"(anonymous_4)","decl":{"start":{"line":57,"column":21},"end":{"line":57,"column":22}},"loc":{"start":{"line":57,"column":26},"end":{"line":57,"column":43}},"line":57},"5":{"name":"(anonymous_5)","decl":{"start":{"line":73,"column":1},"end":{"line":73,"column":2}},"loc":{"start":{"line":73,"column":16},"end":{"line":75,"column":2}},"line":73},"6":{"name":"(anonymous_6)","decl":{"start":{"line":86,"column":1},"end":{"line":86,"column":2}},"loc":{"start":{"line":86,"column":20},"end":{"line":159,"column":2}},"line":86},"7":{"name":"(anonymous_7)","decl":{"start":{"line":89,"column":39},"end":{"line":89,"column":40}},"loc":{"start":{"line":89,"column":44},"end":{"line":89,"column":45}},"line":89},"8":{"name":"(anonymous_8)","decl":{"start":{"line":91,"column":28},"end":{"line":91,"column":29}},"loc":{"start":{"line":91,"column":38},"end":{"line":91,"column":43}},"line":91},"9":{"name":"(anonymous_9)","decl":{"start":{"line":93,"column":45},"end":{"line":93,"column":46}},"loc":{"start":{"line":93,"column":50},"end":{"line":93,"column":58}},"line":93},"10":{"name":"(anonymous_10)","decl":{"start":{"line":108,"column":45},"end":{"line":108,"column":46}},"loc":{"start":{"line":108,"column":50},"end":{"line":108,"column":58}},"line":108},"11":{"name":"(anonymous_11)","decl":{"start":{"line":169,"column":1},"end":{"line":169,"column":2}},"loc":{"start":{"line":169,"column":20},"end":{"line":190,"column":2}},"line":169},"12":{"name":"(anonymous_12)","decl":{"start":{"line":172,"column":23},"end":{"line":172,"column":24}},"loc":{"start":{"line":172,"column":33},"end":{"line":172,"column":44}},"line":172},"13":{"name":"(anonymous_13)","decl":{"start":{"line":173,"column":22},"end":{"line":173,"column":23}},"loc":{"start":{"line":173,"column":32},"end":{"line":173,"column":42}},"line":173},"14":{"name":"(anonymous_14)","decl":{"start":{"line":174,"column":35},"end":{"line":174,"column":36}},"loc":{"start":{"line":174,"column":43},"end":{"line":174,"column":54}},"line":174},"15":{"name":"(anonymous_15)","decl":{"start":{"line":199,"column":1},"end":{"line":199,"column":2}},"loc":{"start":{"line":199,"column":22},"end":{"line":204,"column":2}},"line":199},"16":{"name":"(anonymous_16)","decl":{"start":{"line":201,"column":3},"end":{"line":201,"column":4}},"loc":{"start":{"line":201,"column":17},"end":{"line":201,"column":47}},"line":201},"17":{"name":"(anonymous_17)","decl":{"start":{"line":214,"column":1},"end":{"line":214,"column":2}},"loc":{"start":{"line":214,"column":41},"end":{"line":218,"column":2}},"line":214}},"branchMap":{"0":{"loc":{"start":{"line":50,"column":2},"end":{"line":53,"column":3}},"type":"if","locations":[{"start":{"line":50,"column":2},"end":{"line":53,"column":3}},{"start":{"line":50,"column":2},"end":{"line":53,"column":3}}],"line":50},"1":{"loc":{"start":{"line":97,"column":3},"end":{"line":104,"column":4}},"type":"if","locations":[{"start":{"line":97,"column":3},"end":{"line":104,"column":4}},{"start":{"line":97,"column":3},"end":{"line":104,"column":4}}],"line":97},"2":{"loc":{"start":{"line":110,"column":3},"end":{"line":118,"column":4}},"type":"if","locations":[{"start":{"line":110,"column":3},"end":{"line":118,"column":4}},{"start":{"line":110,"column":3},"end":{"line":118,"column":4}}],"line":110},"3":{"loc":{"start":{"line":125,"column":4},"end":{"line":154,"column":5}},"type":"switch","locations":[{"start":{"line":126,"column":5},"end":{"line":136,"column":6}},{"start":{"line":137,"column":5},"end":{"line":152,"column":6}},{"start":{"line":153,"column":5},"end":{"line":153,"column":20}}],"line":125},"4":{"loc":{"start":{"line":127,"column":6},"end":{"line":134,"column":7}},"type":"if","locations":[{"start":{"line":127,"column":6},"end":{"line":134,"column":7}},{"start":{"line":127,"column":6},"end":{"line":134,"column":7}}],"line":127},"5":{"loc":{"start":{"line":139,"column":6},"end":{"line":150,"column":7}},"type":"if","locations":[{"start":{"line":139,"column":6},"end":{"line":150,"column":7}},{"start":{"line":139,"column":6},"end":{"line":150,"column":7}}],"line":139},"6":{"loc":{"start":{"line":140,"column":7},"end":{"line":142,"column":23}},"type":"binary-expr","locations":[{"start":{"line":140,"column":7},"end":{"line":140,"column":40}},{"start":{"line":141,"column":7},"end":{"line":141,"column":33}},{"start":{"line":142,"column":7},"end":{"line":142,"column":23}}],"line":140},"7":{"loc":{"start":{"line":182,"column":17},"end":{"line":182,"column":81}},"type":"cond-expr","locations":[{"start":{"line":182,"column":60},"end":{"line":182,"column":73}},{"start":{"line":182,"column":76},"end":{"line":182,"column":81}}],"line":182}},"s":{"0":12,"1":12,"2":12,"3":3,"4":3,"5":3,"6":2,"7":2,"8":1,"9":7,"10":6,"11":1,"12":5,"13":1,"14":1,"15":7,"16":7,"17":7,"18":43,"19":7,"20":7,"21":42,"22":7,"23":21,"24":7,"25":7,"26":21,"27":21,"28":3,"29":7,"30":7,"31":35,"32":102,"33":35,"34":3,"35":3,"36":32,"37":32,"38":96,"39":96,"40":96,"41":32,"42":1,"43":32,"44":64,"45":64,"46":1,"47":64,"48":0,"49":7,"50":6,"51":6,"52":18,"53":6,"54":18,"55":6,"56":18,"57":6,"58":6,"59":6,"60":18,"61":18,"62":18,"63":18,"64":18,"65":6,"66":6,"67":2,"68":7,"69":9},"f":{"0":12,"1":3,"2":7,"3":6,"4":5,"5":7,"6":7,"7":43,"8":42,"9":21,"10":102,"11":6,"12":18,"13":18,"14":18,"15":2,"16":7,"17":9},"b":{"0":[2,1],"1":[3,18],"2":[3,32],"3":[32,64,0],"4":[1,31],"5":[1,63],"6":[64,64,63],"7":[12,6]},"_coverageSchema":"1a1c01bbd47fc00a2c39e90264f33305004495a9","hash":"4d259e82b4a880eba46983142cd670bf752d145b"}
}
