TN:
SF:src\CartParser.js
FN:5,(anonymous_0)
FN:45,(anonymous_1)
FN:56,(anonymous_2)
FN:56,(anonymous_3)
FN:57,(anonymous_4)
FN:73,(anonymous_5)
FN:86,(anonymous_6)
FN:89,(anonymous_7)
FN:91,(anonymous_8)
FN:93,(anonymous_9)
FN:108,(anonymous_10)
FN:169,(anonymous_11)
FN:172,(anonymous_12)
FN:173,(anonymous_13)
FN:174,(anonymous_14)
FN:199,(anonymous_15)
FN:201,(anonymous_16)
FN:214,(anonymous_17)
FNF:18
FNH:18
FNDA:10,(anonymous_0)
FNDA:2,(anonymous_1)
FNDA:7,(anonymous_2)
FNDA:6,(anonymous_3)
FNDA:5,(anonymous_4)
FNDA:6,(anonymous_5)
FNDA:6,(anonymous_6)
FNDA:37,(anonymous_7)
FNDA:36,(anonymous_8)
FNDA:18,(anonymous_9)
FNDA:88,(anonymous_10)
FNDA:6,(anonymous_11)
FNDA:18,(anonymous_12)
FNDA:18,(anonymous_13)
FNDA:18,(anonymous_14)
FNDA:2,(anonymous_15)
FNDA:7,(anonymous_16)
FNDA:6,(anonymous_17)
DA:6,10
DA:11,10
DA:17,10
DA:47,2
DA:48,2
DA:50,2
DA:51,1
DA:52,1
DA:56,7
DA:57,5
DA:58,1
DA:60,1
DA:74,6
DA:88,6
DA:89,37
DA:90,6
DA:91,36
DA:93,18
DA:95,6
DA:96,18
DA:97,18
DA:98,2
DA:107,6
DA:108,88
DA:110,30
DA:111,2
DA:117,2
DA:120,28
DA:122,84
DA:123,84
DA:125,84
DA:127,28
DA:128,1
DA:135,28
DA:138,56
DA:139,56
DA:144,1
DA:151,56
DA:153,0
DA:158,6
DA:171,6
DA:172,18
DA:173,18
DA:174,18
DA:175,6
DA:177,6
DA:179,18
DA:180,18
DA:181,18
DA:182,18
DA:184,18
DA:187,6
DA:189,6
DA:200,2
DA:201,7
DA:215,6
LF:56
LH:55
BRDA:50,0,0,1
BRDA:50,0,1,1
BRDA:97,1,0,2
BRDA:97,1,1,16
BRDA:110,2,0,2
BRDA:110,2,1,28
BRDA:125,3,0,28
BRDA:125,3,1,56
BRDA:125,3,2,0
BRDA:127,4,0,1
BRDA:127,4,1,27
BRDA:139,5,0,1
BRDA:139,5,1,55
BRDA:140,6,0,56
BRDA:140,6,1,56
BRDA:140,6,2,55
BRDA:182,7,0,12
BRDA:182,7,1,6
BRF:18
BRH:17
end_of_record
