TN:
SF:src\CartParser.js
FN:5,(anonymous_0)
FN:45,(anonymous_1)
FN:56,(anonymous_2)
FN:56,(anonymous_3)
FN:57,(anonymous_4)
FN:73,(anonymous_5)
FN:86,(anonymous_6)
FN:89,(anonymous_7)
FN:91,(anonymous_8)
FN:93,(anonymous_9)
FN:108,(anonymous_10)
FN:169,(anonymous_11)
FN:172,(anonymous_12)
FN:173,(anonymous_13)
FN:174,(anonymous_14)
FN:199,(anonymous_15)
FN:201,(anonymous_16)
FN:214,(anonymous_17)
FNF:18
FNH:18
FNDA:12,(anonymous_0)
FNDA:3,(anonymous_1)
FNDA:7,(anonymous_2)
FNDA:6,(anonymous_3)
FNDA:5,(anonymous_4)
FNDA:7,(anonymous_5)
FNDA:7,(anonymous_6)
FNDA:43,(anonymous_7)
FNDA:42,(anonymous_8)
FNDA:21,(anonymous_9)
FNDA:102,(anonymous_10)
FNDA:6,(anonymous_11)
FNDA:18,(anonymous_12)
FNDA:18,(anonymous_13)
FNDA:18,(anonymous_14)
FNDA:2,(anonymous_15)
FNDA:7,(anonymous_16)
FNDA:9,(anonymous_17)
DA:6,12
DA:11,12
DA:17,12
DA:47,3
DA:48,3
DA:50,3
DA:51,2
DA:52,2
DA:56,7
DA:57,5
DA:58,1
DA:60,1
DA:74,7
DA:88,7
DA:89,43
DA:90,7
DA:91,42
DA:93,21
DA:95,7
DA:96,21
DA:97,21
DA:98,3
DA:107,7
DA:108,102
DA:110,35
DA:111,3
DA:117,3
DA:120,32
DA:122,96
DA:123,96
DA:125,96
DA:127,32
DA:128,1
DA:135,32
DA:138,64
DA:139,64
DA:144,1
DA:151,64
DA:153,0
DA:158,7
DA:171,6
DA:172,18
DA:173,18
DA:174,18
DA:175,6
DA:177,6
DA:179,18
DA:180,18
DA:181,18
DA:182,18
DA:184,18
DA:187,6
DA:189,6
DA:200,2
DA:201,7
DA:215,9
LF:56
LH:55
BRDA:50,0,0,2
BRDA:50,0,1,1
BRDA:97,1,0,3
BRDA:97,1,1,18
BRDA:110,2,0,3
BRDA:110,2,1,32
BRDA:125,3,0,32
BRDA:125,3,1,64
BRDA:125,3,2,0
BRDA:127,4,0,1
BRDA:127,4,1,31
BRDA:139,5,0,1
BRDA:139,5,1,63
BRDA:140,6,0,64
BRDA:140,6,1,64
BRDA:140,6,2,63
BRDA:182,7,0,12
BRDA:182,7,1,6
BRF:18
BRH:17
end_of_record
